Wed Jun 08 20:36:30 EDT 2016 - Hello, World!
Failed: Running main() from gtest_main.cc
[==========] Running 21 tests from 2 test cases.
[----------] Global test environment set-up.
[----------] 3 tests from BasicTest
[ RUN      ] BasicTest.Open_zeroth_framebuffer
Opened filedesc: -1
/Users/school/Box Sync/Courses/- CS 1550/projects/cs-1550-Project-1/test/sysCallTests/framebuffer_tests.cpp:17: Failure
Expected: (filedesc) > (0), actual: -1 vs 0
[  FAILED  ] BasicTest.Open_zeroth_framebuffer (0 ms)
[ RUN      ] BasicTest.Write_to_zeroth_framebuffer
child killed: segmentation violation
Wed Jun 08 20:37:00 EDT 2016 - Hello, World!
Failed: Running main() from gtest_main.cc
[==========] Running 21 tests from 2 test cases.
[----------] Global test environment set-up.
[----------] 3 tests from BasicTest
[ RUN      ] BasicTest.Open_zeroth_framebuffer
Opened filedesc: -1
/Users/school/Box Sync/Courses/- CS 1550/projects/cs-1550-Project-1/test/sysCallTests/framebuffer_tests.cpp:17: Failure
Expected: (filedesc) > (0), actual: -1 vs 0
[  FAILED  ] BasicTest.Open_zeroth_framebuffer (0 ms)
[ RUN      ] BasicTest.Write_to_zeroth_framebuffer
child killed: segmentation violation
Wed Jun 08 20:37:39 EDT 2016
Failed: Running main() from gtest_main.cc
[==========] Running 21 tests from 2 test cases.
[----------] Global test environment set-up.
[----------] 3 tests from BasicTest
[ RUN      ] BasicTest.Open_zeroth_framebuffer
Opened filedesc: -1
/Users/school/Box Sync/Courses/- CS 1550/projects/cs-1550-Project-1/test/sysCallTests/framebuffer_tests.cpp:17: Failure
Expected: (filedesc) > (0), actual: -1 vs 0
[  FAILED  ] BasicTest.Open_zeroth_framebuffer (0 ms)
[ RUN      ] BasicTest.Write_to_zeroth_framebuffer
child killed: segmentation violation



Wed Jun 08 20:37:43 EDT 2016
Failed: Running main() from gtest_main.cc
[==========] Running 21 tests from 2 test cases.
[----------] Global test environment set-up.
[----------] 3 tests from BasicTest
[ RUN      ] BasicTest.Open_zeroth_framebuffer
Opened filedesc: -1
/Users/school/Box Sync/Courses/- CS 1550/projects/cs-1550-Project-1/test/sysCallTests/framebuffer_tests.cpp:17: Failure
Expected: (filedesc) > (0), actual: -1 vs 0
[  FAILED  ] BasicTest.Open_zeroth_framebuffer (1 ms)
[ RUN      ] BasicTest.Write_to_zeroth_framebuffer
child killed: segmentation violation



